Start testing: Sep 22 19:28 BST
----------------------------------------------------------
1/24 Testing: ArrayReadAndWrite
1/24 Test: ArrayReadAndWrite
Command: "/home/pi/PROJECTS/UQTk_v3.0/builddir/cpp/tests/ArrayReadAndWrite/ArrayReadAndWrite"
Directory: /home/pi/PROJECTS/UQTk_v3.0/builddir/cpp/tests/ArrayReadAndWrite
"ArrayReadAndWrite" start time: Sep 22 19:28 BST
Output:
----------------------------------------------------------
<end of output>
Test time =   0.02 sec
----------------------------------------------------------
Test Passed.
"ArrayReadAndWrite" end time: Sep 22 19:28 BST
"ArrayReadAndWrite" time elapsed: 00:00:00
----------------------------------------------------------

2/24 Testing: ArrayDelColumn
2/24 Test: ArrayDelColumn
Command: "/home/pi/PROJECTS/UQTk_v3.0/builddir/cpp/tests/ArrayDelColumn/ArrayDelColumn"
Directory: /home/pi/PROJECTS/UQTk_v3.0/builddir/cpp/tests/ArrayDelColumn
"ArrayDelColumn" start time: Sep 22 19:28 BST
Output:
----------------------------------------------------------
<end of output>
Test time =   0.01 sec
----------------------------------------------------------
Test Passed.
"ArrayDelColumn" end time: Sep 22 19:28 BST
"ArrayDelColumn" time elapsed: 00:00:00
----------------------------------------------------------

3/24 Testing: Array1DMiscTest
3/24 Test: Array1DMiscTest
Command: "/home/pi/PROJECTS/UQTk_v3.0/builddir/cpp/tests/Array1DMiscTest/Array1DMiscTest"
Directory: /home/pi/PROJECTS/UQTk_v3.0/builddir/cpp/tests/Array1DMiscTest
"Array1DMiscTest" start time: Sep 22 19:28 BST
Output:
----------------------------------------------------------

====================================================
n-dim double Array 
with n = 3
----------------------------------------------------
[( 0.314162, 1.89199, -0.288325, )]

====================================================
n-dim double Array 
with n = 3
----------------------------------------------------
[( 0.986967, 5.94387, -0.905797, )]
37.1242

====================================================
n-dim double Array 
with n = 2
----------------------------------------------------
[( 0.986967, -0.905797, )]

====================================================
n-dim double Array 
with n = 3
----------------------------------------------------
[( 0.986967, -0.905797, 1, )]
<end of output>
Test time =   0.01 sec
----------------------------------------------------------
Test Passed.
"Array1DMiscTest" end time: Sep 22 19:28 BST
"Array1DMiscTest" time elapsed: 00:00:00
----------------------------------------------------------

4/24 Testing: Array2DMiscTest
4/24 Test: Array2DMiscTest
Command: "/home/pi/PROJECTS/UQTk_v3.0/builddir/cpp/tests/Array2DMiscTest/Array2DMiscTest"
Directory: /home/pi/PROJECTS/UQTk_v3.0/builddir/cpp/tests/Array2DMiscTest
"Array2DMiscTest" start time: Sep 22 19:28 BST
Output:
----------------------------------------------------------

A : 
====================================================
mxn double Array 
with m = 3, and n = 3
----------------------------------------------------
    1   |   0.251707     0.42844    0.394551  
    2   |  0.0752099    0.567331    0.515472  
    3   |   0.416014   0.0973951    0.491487  

b = 

====================================================
n-dim double Array 
with n = 3
----------------------------------------------------
[( 1.0747, 1.15801, 1.0049, )]

Transpose:
====================================================
mxn double Array 
with m = 3, and n = 3
----------------------------------------------------
    1   |   0.251707   0.0752099    0.416014  
    2   |    0.42844    0.567331   0.0973951  
    3   |   0.394551    0.515472    0.491487  

A inverse:
====================================================
mxn double Array 
with m = 3, and n = 3
----------------------------------------------------
    1   |    5.27331    -3.97048  -0.0690071  
    2   |     4.0935   -0.932463    -2.30817  
    3   |   -5.27473     3.54556     2.55045  

least squares solution:

====================================================
n-dim double Array 
with n = 3
----------------------------------------------------
[( 1, 1, 1, )]

Q:
====================================================
mxn double Array 
with m = 3, and n = 3
----------------------------------------------------
    1   |  -0.511582   -0.380828    -0.77023  
    2   |   -0.15286   -0.841776    0.517732  
    3   |  -0.845528      0.3826    0.372424  

R:
====================================================
mxn double Array 
with m = 3, and n = 3
----------------------------------------------------
    1   |  -0.492017   -0.388255   -0.696206  
    2   |          0   -0.603465   -0.396125  
    3   |          0           0    0.146023  

U:
====================================================
mxn double Array 
with m = 3, and n = 3
----------------------------------------------------
    1   |  -0.562149  -0.0790178   -0.823253  
    2   |  -0.657391   -0.561305    0.502767  
    3   |  -0.501823    0.823829    0.263591  

S:

====================================================
n-dim double Array 
with n = 3
----------------------------------------------------
[( 1.11832, 0.399858, 0.096957, )]

VT:
====================================================
mxn double Array 
with m = 3, and n = 3
----------------------------------------------------
    1   |  -0.357414   -0.592567   -0.721886  
    2   |   0.701797   -0.680398    0.211043  
    3   |  -0.616227   -0.431188    0.659045  
<end of output>
Test time =   0.01 sec
----------------------------------------------------------
Test Passed.
"Array2DMiscTest" end time: Sep 22 19:28 BST
"Array2DMiscTest" time elapsed: 00:00:00
----------------------------------------------------------

5/24 Testing: ArraySortTest
5/24 Test: ArraySortTest
Command: "/home/pi/PROJECTS/UQTk_v3.0/builddir/cpp/tests/ArraySortTest/ArraySortTest"
Directory: /home/pi/PROJECTS/UQTk_v3.0/builddir/cpp/tests/ArraySortTest
"ArraySortTest" start time: Sep 22 19:28 BST
Output:
----------------------------------------------------------
====> Testing sort-by-column:
====> Sort-by-column test passed.
====> Testing sort-by-all:
====> Sort-by-all test passed.
0.119418 0.690648 0.969912 
0.162123 0.253952 0.912765 
0.162123 0.271934 0.385549 
0.162123 0.271934 0.571456 
0.162123 0.271934 0.922016 
0.174529 0.788409 0.0605175 
0.259898 0.47408 0.019994 
0.413736 0.394026 0.0079322 
0.514501 0.856529 0.985971 
0.640938 0.835503 0.248195 
<end of output>
Test time =   0.01 sec
----------------------------------------------------------
Test Passed.
"ArraySortTest" end time: Sep 22 19:28 BST
"ArraySortTest" time elapsed: 00:00:00
----------------------------------------------------------

6/24 Testing: MultiIndexTest
6/24 Test: MultiIndexTest
Command: "/home/pi/PROJECTS/UQTk_v3.0/builddir/cpp/tests/MultiIndexTest/MultiIndexTest"
Directory: /home/pi/PROJECTS/UQTk_v3.0/builddir/cpp/tests/MultiIndexTest
"MultiIndexTest" start time: Sep 22 19:28 BST
Output:
----------------------------------------------------------
====> Testing multiindex generation:
0 : 0 0 0  : 0
1 : 1 0 0  : 1
2 : 0 1 0  : 2
3 : 0 0 1  : 3
4 : 2 0 0  : 4
5 : 1 1 0  : 5
6 : 1 0 1  : 6
7 : 0 2 0  : 7
8 : 0 1 1  : 8
9 : 0 0 2  : 9
10 : 3 0 0  : 10
11 : 2 1 0  : 11
12 : 2 0 1  : 12
13 : 1 2 0  : 13
14 : 1 1 1  : 14
15 : 1 0 2  : 15
16 : 0 3 0  : 16
17 : 0 2 1  : 17
18 : 0 1 2  : 18
19 : 0 0 3  : 19
20 : 4 0 0  : 20
21 : 3 1 0  : 21
22 : 3 0 1  : 22
23 : 2 2 0  : 23
24 : 2 1 1  : 24
25 : 2 0 2  : 25
26 : 1 3 0  : 26
27 : 1 2 1  : 27
28 : 1 1 2  : 28
29 : 1 0 3  : 29
30 : 0 4 0  : 30
31 : 0 3 1  : 31
32 : 0 2 2  : 32
33 : 0 1 3  : 33
34 : 0 0 4  : 34
Growing an order
0 : 0 0 0 ; degree 0
1 : 1 0 0 ; degree 1
2 : 0 1 0 ; degree 1
3 : 0 0 1 ; degree 1
4 : 2 0 0 ; degree 2
5 : 1 1 0 ; degree 2
6 : 1 0 1 ; degree 2
7 : 0 2 0 ; degree 2
8 : 0 1 1 ; degree 2
9 : 0 0 2 ; degree 2
10 : 3 0 0 ; degree 3
11 : 2 1 0 ; degree 3
12 : 2 0 1 ; degree 3
13 : 1 2 0 ; degree 3
14 : 1 1 1 ; degree 3
15 : 1 0 2 ; degree 3
16 : 0 3 0 ; degree 3
17 : 0 2 1 ; degree 3
18 : 0 1 2 ; degree 3
19 : 0 0 3 ; degree 3
20 : 4 0 0 ; degree 4
21 : 3 1 0 ; degree 4
22 : 3 0 1 ; degree 4
23 : 2 2 0 ; degree 4
24 : 2 1 1 ; degree 4
25 : 2 0 2 ; degree 4
26 : 1 3 0 ; degree 4
27 : 1 2 1 ; degree 4
28 : 1 1 2 ; degree 4
29 : 1 0 3 ; degree 4
30 : 0 4 0 ; degree 4
31 : 0 3 1 ; degree 4
32 : 0 2 2 ; degree 4
33 : 0 1 3 ; degree 4
34 : 0 0 4 ; degree 4
35 : 5 0 0 ; degree 5
36 : 4 1 0 ; degree 5
37 : 4 0 1 ; degree 5
38 : 3 2 0 ; degree 5
39 : 3 1 1 ; degree 5
40 : 3 0 2 ; degree 5
41 : 2 3 0 ; degree 5
42 : 2 2 1 ; degree 5
43 : 2 1 2 ; degree 5
44 : 2 0 3 ; degree 5
45 : 1 4 0 ; degree 5
46 : 0 5 0 ; degree 5
47 : 1 3 1 ; degree 5
48 : 0 4 1 ; degree 5
49 : 1 2 2 ; degree 5
50 : 0 3 2 ; degree 5
51 : 1 1 3 ; degree 5
52 : 0 2 3 ; degree 5
53 : 1 0 4 ; degree 5
54 : 0 1 4 ; degree 5
55 : 0 0 5 ; degree 5
<end of output>
Test time =   0.01 sec
----------------------------------------------------------
Test Passed.
"MultiIndexTest" end time: Sep 22 19:28 BST
"MultiIndexTest" time elapsed: 00:00:00
----------------------------------------------------------

7/24 Testing: CorrTest
7/24 Test: CorrTest
Command: "/home/pi/PROJECTS/UQTk_v3.0/builddir/cpp/tests/CorrTest/CorrTest"
Directory: /home/pi/PROJECTS/UQTk_v3.0/builddir/cpp/tests/CorrTest
"CorrTest" start time: Sep 22 19:28 BST
Output:
----------------------------------------------------------
Testing implementation of distance correlation 
Set #1: 3.743458e-01
Set #2: 1.410412e-01
Set #3: 1.486339e-01
Set #4: 4.910511e-01
Set #5: 3.114285e-01
Set #6: 8.574414e-03
<end of output>
Test time =  27.47 sec
----------------------------------------------------------
Test Passed.
"CorrTest" end time: Sep 22 19:29 BST
"CorrTest" time elapsed: 00:00:27
----------------------------------------------------------

8/24 Testing: QuadLUTest
8/24 Test: QuadLUTest
Command: "/home/pi/PROJECTS/UQTk_v3.0/builddir/cpp/tests/QuadLUTest/QuadLUTest"
Directory: /home/pi/PROJECTS/UQTk_v3.0/builddir/cpp/tests/QuadLUTest
"QuadLUTest" start time: Sep 22 19:29 BST
Output:
----------------------------------------------------------
<end of output>
Test time =   0.03 sec
----------------------------------------------------------
Test Passed.
"QuadLUTest" end time: Sep 22 19:29 BST
"QuadLUTest" time elapsed: 00:00:00
----------------------------------------------------------

9/24 Testing: MCMC2dTest
9/24 Test: MCMC2dTest
Command: "/home/pi/PROJECTS/UQTk_v3.0/builddir/cpp/tests/MCMC2dTest/MCMC2dTest"
Directory: /home/pi/PROJECTS/UQTk_v3.0/builddir/cpp/tests/MCMC2dTest
"MCMC2dTest" start time: Sep 22 19:29 BST
Output:
----------------------------------------------------------
0.00306829
0.0140694
0.010177
0.655943
<end of output>
Test time =   3.06 sec
----------------------------------------------------------
Test Passed.
"MCMC2dTest" end time: Sep 22 19:29 BST
"MCMC2dTest" time elapsed: 00:00:03
----------------------------------------------------------

10/24 Testing: MCMCRandomTest
10/24 Test: MCMCRandomTest
Command: "/home/pi/PROJECTS/UQTk_v3.0/builddir/cpp/tests/MCMCRandomTest/MCMCRandomTest"
Directory: /home/pi/PROJECTS/UQTk_v3.0/builddir/cpp/tests/MCMCRandomTest
"MCMCRandomTest" start time: Sep 22 19:29 BST
Output:
----------------------------------------------------------
L.eval(x) = -1
<end of output>
Test time =   0.01 sec
----------------------------------------------------------
Test Passed.
"MCMCRandomTest" end time: Sep 22 19:29 BST
"MCMCRandomTest" time elapsed: 00:00:00
----------------------------------------------------------

11/24 Testing: MCMCNestedTest
11/24 Test: MCMCNestedTest
Command: "/home/pi/PROJECTS/UQTk_v3.0/builddir/cpp/tests/MCMCNestedTest/MCMCNestedTest"
Directory: /home/pi/PROJECTS/UQTk_v3.0/builddir/cpp/tests/MCMCNestedTest
"MCMCNestedTest" start time: Sep 22 19:29 BST
Output:
----------------------------------------------------------
<end of output>
Test time =   0.23 sec
----------------------------------------------------------
Test Passed.
"MCMCNestedTest" end time: Sep 22 19:29 BST
"MCMCNestedTest" time elapsed: 00:00:00
----------------------------------------------------------

12/24 Testing: Deriv1dTest
12/24 Test: Deriv1dTest
Command: "/home/pi/PROJECTS/UQTk_v3.0/builddir/cpp/tests/Deriv1dTest/Deriv1dTest"
Directory: /home/pi/PROJECTS/UQTk_v3.0/builddir/cpp/tests/Deriv1dTest
"Deriv1dTest" start time: Sep 22 19:29 BST
Output:
----------------------------------------------------------

====================================================
n-dim double Array 
with n = 5
----------------------------------------------------
[( 0, 1, 3, 6, 10, )]
<end of output>
Test time =   0.01 sec
----------------------------------------------------------
Test Passed.
"Deriv1dTest" end time: Sep 22 19:29 BST
"Deriv1dTest" time elapsed: 00:00:00
----------------------------------------------------------

13/24 Testing: SecondDeriv1dTest
13/24 Test: SecondDeriv1dTest
Command: "/home/pi/PROJECTS/UQTk_v3.0/builddir/cpp/tests/SecondDeriv1dTest/SecondDeriv1dTest"
Directory: /home/pi/PROJECTS/UQTk_v3.0/builddir/cpp/tests/SecondDeriv1dTest
"SecondDeriv1dTest" start time: Sep 22 19:29 BST
Output:
----------------------------------------------------------
====================================================
multi-indices(i,j), with i = 0 ... P, j = 1 ... nDim
with P = 34, and nDim = 3
----------------------------------------------------
i\j | 1  2  3  
---------------
0   | 0  0  0  
1   | 1  0  0  
2   | 0  1  0  
3   | 0  0  1  
4   | 2  0  0  
5   | 1  1  0  
6   | 1  0  1  
7   | 0  2  0  
8   | 0  1  1  
9   | 0  0  2  
10   | 3  0  0  
11   | 2  1  0  
12   | 2  0  1  
13   | 1  2  0  
14   | 1  1  1  
15   | 1  0  2  
16   | 0  3  0  
17   | 0  2  1  
18   | 0  1  2  
19   | 0  0  3  
20   | 4  0  0  
21   | 3  1  0  
22   | 3  0  1  
23   | 2  2  0  
24   | 2  1  1  
25   | 2  0  2  
26   | 1  3  0  
27   | 1  2  1  
28   | 1  1  2  
29   | 1  0  3  
30   | 0  4  0  
31   | 0  3  1  
32   | 0  2  2  
33   | 0  1  3  
34   | 0  0  4  

====================================================
n-dim double Array 
with n = 3
----------------------------------------------------
[( 1, 6, 3, )]
<end of output>
Test time =   0.01 sec
----------------------------------------------------------
Test Passed.
"SecondDeriv1dTest" end time: Sep 22 19:29 BST
"SecondDeriv1dTest" time elapsed: 00:00:00
----------------------------------------------------------

14/24 Testing: GradHessianTest
14/24 Test: GradHessianTest
Command: "/home/pi/PROJECTS/UQTk_v3.0/builddir/cpp/tests/GradHessianTest/GradHessianTest"
Directory: /home/pi/PROJECTS/UQTk_v3.0/builddir/cpp/tests/GradHessianTest
"GradHessianTest" start time: Sep 22 19:29 BST
Output:
----------------------------------------------------------

====================================================
n-dim double Array 
with n = 2
----------------------------------------------------
[( 5.5, 6, )]
====================================================
mxn double Array 
with m = 2, and n = 2
----------------------------------------------------
    1   |          0           6  
    2   |          6           3  

====================================================
n-dim double Array 
with n = 3
----------------------------------------------------
[( 26, 13, 18, )]
====================================================
mxn double Array 
with m = 3, and n = 3
----------------------------------------------------
    1   |          0          13          18  
    2   |         13           0           9  
    3   |         18           9           6  
<end of output>
Test time =   0.01 sec
----------------------------------------------------------
Test Passed.
"GradHessianTest" end time: Sep 22 19:29 BST
"GradHessianTest" time elapsed: 00:00:00
----------------------------------------------------------

15/24 Testing: GradientPCETest
15/24 Test: GradientPCETest
Command: "/home/pi/PROJECTS/UQTk_v3.0/builddir/cpp/tests/GradientPCETest/GradientPCETest"
Directory: /home/pi/PROJECTS/UQTk_v3.0/builddir/cpp/tests/GradientPCETest
"GradientPCETest" start time: Sep 22 19:29 BST
Output:
----------------------------------------------------------

====================================================
n-dim double Array 
with n = 2
----------------------------------------------------
[( 5.5, 6, )]
====================================================
mxn double Array 
with m = 2, and n = 2
----------------------------------------------------
    1   |          0           6  
    2   |          6           3  

====================================================
n-dim double Array 
with n = 3
----------------------------------------------------
[( 26, 13, 18, )]
====================================================
mxn double Array 
with m = 3, and n = 3
----------------------------------------------------
    1   |          0          13          18  
    2   |         13           0           9  
    3   |         18           9           6  
<end of output>
Test time =   0.01 sec
----------------------------------------------------------
Test Passed.
"GradientPCETest" end time: Sep 22 19:29 BST
"GradientPCETest" time elapsed: 00:00:00
----------------------------------------------------------

16/24 Testing: PCE1dTest
16/24 Test: PCE1dTest
Command: "/home/pi/PROJECTS/UQTk_v3.0/builddir/cpp/tests/PCE1dTest/PCE1dTest"
Directory: /home/pi/PROJECTS/UQTk_v3.0/builddir/cpp/tests/PCE1dTest
"PCE1dTest" start time: Sep 22 19:29 BST
Output:
----------------------------------------------------------
error at the quadrature points: 1.8169e-13
<end of output>
Test time =   0.01 sec
----------------------------------------------------------
Test Passed.
"PCE1dTest" end time: Sep 22 19:29 BST
"PCE1dTest" time elapsed: 00:00:00
----------------------------------------------------------

17/24 Testing: PCEImplTest
17/24 Test: PCEImplTest
Command: "/home/pi/PROJECTS/UQTk_v3.0/builddir/cpp/tests/PCEImplTest/PCEImplTest"
Directory: /home/pi/PROJECTS/UQTk_v3.0/builddir/cpp/tests/PCEImplTest
"PCEImplTest" start time: Sep 22 19:29 BST
Output:
----------------------------------------------------------
Testing PC implementations: 
====> Testing norm computation: 
====> Norm computation test passed.
ISP tests not implemented yet. 
<end of output>
Test time =   0.30 sec
----------------------------------------------------------
Test Passed.
"PCEImplTest" end time: Sep 22 19:29 BST
"PCEImplTest" time elapsed: 00:00:00
----------------------------------------------------------

18/24 Testing: Hessian2dTest
18/24 Test: Hessian2dTest
Command: "/home/pi/PROJECTS/UQTk_v3.0/builddir/cpp/tests/Hessian2dTest/Hessian2dTest"
Directory: /home/pi/PROJECTS/UQTk_v3.0/builddir/cpp/tests/Hessian2dTest
"Hessian2dTest" start time: Sep 22 19:29 BST
Output:
----------------------------------------------------------
====================================================
multi-indices(i,j), with i = 0 ... P, j = 1 ... nDim
with P = 9, and nDim = 2
----------------------------------------------------
i\j | 1  2  
------------
0   | 0  0  
1   | 1  0  
2   | 0  1  
3   | 2  0  
4   | 1  1  
5   | 0  2  
6   | 3  0  
7   | 2  1  
8   | 1  2  
9   | 0  3  
====================================================
multi-indices(i,j), with i = 0 ... P, j = 1 ... nDim
with P = 9, and nDim = 2
----------------------------------------------------
i\j | 1  2  
------------
0   | 0  0  
1   | 1  0  
2   | 0  1  
3   | 2  0  
4   | 1  1  
5   | 0  2  
6   | 3  0  
7   | 2  1  
8   | 1  2  
9   | 0  3  
9.92539e-14
1.38556e-13
1.49197e-14
====================================================
mxn double Array 
with m = 2, and n = 2
----------------------------------------------------
    1   |   -1.41421  1.49197e-14  
    2   | 1.49197e-14    -1.73205  
<end of output>
Test time =   0.03 sec
----------------------------------------------------------
Test Passed.
"Hessian2dTest" end time: Sep 22 19:29 BST
"Hessian2dTest" time elapsed: 00:00:00
----------------------------------------------------------

19/24 Testing: BCS1dTest
19/24 Test: BCS1dTest
Command: "/home/pi/PROJECTS/UQTk_v3.0/builddir/cpp/tests/BCS1dTest/BCS1dTest"
Directory: /home/pi/PROJECTS/UQTk_v3.0/builddir/cpp/tests/BCS1dTest
"BCS1dTest" start time: Sep 22 19:29 BST
Output:
----------------------------------------------------------
Iteration # 0
BCS algorithm converged, # iterations : 7 

====================================================
n-dim double Array 
with n = 5
----------------------------------------------------
[( 0.785397, -0.353987, 0.0829454, -0.0172588, 0.00316971, )]

====================================================
n-dim integer Array 
with n = 5
----------------------------------------------------
[( 0, 2, 4, 6, 8, )]

====================================================
n-dim double Array 
with n = 5
----------------------------------------------------
[( 2.73332e-05, 5.4007e-05, 7.32482e-05, 8.80961e-05, 9.33121e-05, )]
2.08771e-07
4.25177e-08
4.19235e-09
0
0
0
<end of output>
Test time =   0.01 sec
----------------------------------------------------------
Test Passed.
"BCS1dTest" end time: Sep 22 19:29 BST
"BCS1dTest" time elapsed: 00:00:00
----------------------------------------------------------

20/24 Testing: BCS2dTest
20/24 Test: BCS2dTest
Command: "/home/pi/PROJECTS/UQTk_v3.0/builddir/cpp/tests/BCS2dTest/BCS2dTest"
Directory: /home/pi/PROJECTS/UQTk_v3.0/builddir/cpp/tests/BCS2dTest
"BCS2dTest" start time: Sep 22 19:29 BST
Output:
----------------------------------------------------------
Iteration # 0
Iteration # 10
BCS algorithm converged, # iterations : 11 

====================================================
n-dim double Array 
with n = 5
----------------------------------------------------
[( 1.6, 1, 0.666667, -0.666667, 0.4, )]

====================================================
n-dim integer Array 
with n = 5
----------------------------------------------------
[( 1, 2, 0, 5, 6, )]
====================================================
mxn integer Array 
with m = 10, and n = 2
----------------------------------------------------
    1   |          0           0  
    2   |          1           0  
    3   |          0           1  
    4   |          2           0  
    5   |          1           1  
    6   |          0           2  
    7   |          3           0  
    8   |          2           1  
    9   |          1           2  
   10   |          0           3  

====================================================
n-dim double Array 
with n = 10
----------------------------------------------------
[( 0.666667, 1.6, 1, 0, 0, -0.666667, 0.4, 0, 0, 0, )]
<end of output>
Test time =   0.03 sec
----------------------------------------------------------
Test Passed.
"BCS2dTest" end time: Sep 22 19:29 BST
"BCS2dTest" time elapsed: 00:00:00
----------------------------------------------------------

21/24 Testing: PyModTest
21/24 Test: PyModTest
Command: "/usr/bin/python" "PyModTest.py"
Directory: /home/pi/PROJECTS/UQTk_v3.0/builddir/PyUQTk/pytests
"PyModTest" start time: Sep 22 19:29 BST
Output:
----------------------------------------------------------
Loading array module:
Loading quadrature module:
Loading bayesian compressed sensing module:
Loading polynomial chaos module:
Loading tools module:
<end of output>
Test time =   0.82 sec
----------------------------------------------------------
Test Passed.
"PyModTest" end time: Sep 22 19:29 BST
"PyModTest" time elapsed: 00:00:00
----------------------------------------------------------

22/24 Testing: PyArrayTest
22/24 Test: PyArrayTest
Command: "/usr/bin/python" "PyArrayTest.py"
Directory: /home/pi/PROJECTS/UQTk_v3.0/builddir/PyUQTk/pytests
"PyArrayTest" start time: Sep 22 19:29 BST
Output:
----------------------------------------------------------
<end of output>
Test time =   2.62 sec
----------------------------------------------------------
Test Passed.
"PyArrayTest" end time: Sep 22 19:29 BST
"PyArrayTest" time elapsed: 00:00:02
----------------------------------------------------------

23/24 Testing: PyArrayTest2
23/24 Test: PyArrayTest2
Command: "/usr/bin/python" "PyArrayTest2.py"
Directory: /home/pi/PROJECTS/UQTk_v3.0/builddir/PyUQTk/pytests
"PyArrayTest2" start time: Sep 22 19:29 BST
Output:
----------------------------------------------------------
flags for a_np to show whether C or F contiguous
  C_CONTIGUOUS : True
  F_CONTIGUOUS : False
  OWNDATA : True
  WRITEABLE : True
  ALIGNED : True
  UPDATEIFCOPY : False

flags for original numpy array to make sure it hasn't changed to F continguous after converting

Convert uqtk array back to numpy array and make sure C contiguous

compute dot product which should be [2,1.1,6] (Note that if F contigous, the dot product would be [.1,3,6]:
<end of output>
Test time =   0.70 sec
----------------------------------------------------------
Test Passed.
"PyArrayTest2" end time: Sep 22 19:29 BST
"PyArrayTest2" time elapsed: 00:00:00
----------------------------------------------------------

24/24 Testing: PyQuadTest
24/24 Test: PyQuadTest
Command: "/usr/bin/python" "PyQuadTest.py"
Directory: /home/pi/PROJECTS/UQTk_v3.0/builddir/PyUQTk/pytests
"PyQuadTest" start time: Sep 22 19:29 BST
Output:
----------------------------------------------------------
Create an instance of Quad class
Now set and get the quadrature rule...
Displaying the quadrature points and weights:

[[-0.96816024  0.        ]
 [-0.90617985 -0.77459667]
 [-0.90617985  0.        ]
 [-0.90617985  0.77459667]
 [-0.83603111  0.        ]
 [-0.77459667 -0.90617985]
 [-0.77459667 -0.77459667]
 [-0.77459667 -0.53846931]
 [-0.77459667  0.        ]
 [-0.77459667  0.53846931]
 [-0.77459667  0.77459667]
 [-0.77459667  0.90617985]
 [-0.61337143  0.        ]
 [-0.53846931 -0.77459667]
 [-0.53846931  0.        ]
 [-0.53846931  0.77459667]
 [-0.32425342  0.        ]
 [ 0.         -0.96816024]
 [ 0.         -0.90617985]
 [ 0.         -0.83603111]
 [ 0.         -0.77459667]
 [ 0.         -0.61337143]
 [ 0.         -0.53846931]
 [ 0.         -0.32425342]
 [ 0.          0.        ]
 [ 0.          0.32425342]
 [ 0.          0.53846931]
 [ 0.          0.61337143]
 [ 0.          0.77459667]
 [ 0.          0.83603111]
 [ 0.          0.90617985]
 [ 0.          0.96816024]
 [ 0.32425342  0.        ]
 [ 0.53846931 -0.77459667]
 [ 0.53846931  0.        ]
 [ 0.53846931  0.77459667]
 [ 0.61337143  0.        ]
 [ 0.77459667 -0.90617985]
 [ 0.77459667 -0.77459667]
 [ 0.77459667 -0.53846931]
 [ 0.77459667  0.        ]
 [ 0.77459667  0.53846931]
 [ 0.77459667  0.77459667]
 [ 0.77459667  0.90617985]
 [ 0.83603111  0.        ]
 [ 0.90617985 -0.77459667]
 [ 0.90617985  0.        ]
 [ 0.90617985  0.77459667]
 [ 0.96816024  0.        ]]
Number of quad points is  49 

Plotting the points (get points in column major order as a flattened vector)
need to use reshape with fortran ordering
<end of output>
Test time =   1.58 sec
----------------------------------------------------------
Test Passed.
"PyQuadTest" end time: Sep 22 19:29 BST
"PyQuadTest" time elapsed: 00:00:01
----------------------------------------------------------

End testing: Sep 22 19:29 BST
